ERROR main com.desmond.datamigrate.util.jdbc.QueryUtil - Null connection
java.sql.SQLException: Null connection
	at org.apache.commons.dbutils.QueryRunner.query(QueryRunner.java:323)
	at org.apache.commons.dbutils.QueryRunner.query(QueryRunner.java:212)
	at com.desmond.datamigrate.util.jdbc.QueryUtil.queryList(QueryUtil.java:47)
	at com.desmond.datamigrate.QueryManager.getBatchStories(QueryManager.java:17)
	at com.desmond.datamigrate.QueryManagerTest.testGetBatchStories(QueryManagerTest.java:24)
	at sun.reflect.NativeMethodAccessorImpl.invoke0(Native Method)
	at sun.reflect.NativeMethodAccessorImpl.invoke(NativeMethodAccessorImpl.java:39)
	at sun.reflect.DelegatingMethodAccessorImpl.invoke(DelegatingMethodAccessorImpl.java:25)
	at java.lang.reflect.Method.invoke(Method.java:597)
	at org.junit.runners.model.FrameworkMethod$1.runReflectiveCall(FrameworkMethod.java:50)
	at org.junit.internal.runners.model.ReflectiveCallable.run(ReflectiveCallable.java:12)
	at org.junit.runners.model.FrameworkMethod.invokeExplosively(FrameworkMethod.java:47)
	at org.junit.internal.runners.statements.InvokeMethod.evaluate(InvokeMethod.java:17)
	at org.junit.internal.runners.statements.RunBefores.evaluate(RunBefores.java:26)
	at org.junit.internal.runners.statements.RunAfters.evaluate(RunAfters.java:27)
	at org.junit.runners.ParentRunner.runLeaf(ParentRunner.java:325)
	at org.junit.runners.BlockJUnit4ClassRunner.runChild(BlockJUnit4ClassRunner.java:78)
	at org.junit.runners.BlockJUnit4ClassRunner.runChild(BlockJUnit4ClassRunner.java:57)
	at org.junit.runners.ParentRunner$3.run(ParentRunner.java:290)
	at org.junit.runners.ParentRunner$1.schedule(ParentRunner.java:71)
	at org.junit.runners.ParentRunner.runChildren(ParentRunner.java:288)
	at org.junit.runners.ParentRunner.access$000(ParentRunner.java:58)
	at org.junit.runners.ParentRunner$2.evaluate(ParentRunner.java:268)
	at org.junit.runners.ParentRunner.run(ParentRunner.java:363)
	at org.eclipse.jdt.internal.junit4.runner.JUnit4TestReference.run(JUnit4TestReference.java:50)
	at org.eclipse.jdt.internal.junit.runner.TestExecution.run(TestExecution.java:38)
	at org.eclipse.jdt.internal.junit.runner.RemoteTestRunner.runTests(RemoteTestRunner.java:467)
	at org.eclipse.jdt.internal.junit.runner.RemoteTestRunner.runTests(RemoteTestRunner.java:683)
	at org.eclipse.jdt.internal.junit.runner.RemoteTestRunner.run(RemoteTestRunner.java:390)
	at org.eclipse.jdt.internal.junit.runner.RemoteTestRunner.main(RemoteTestRunner.java:197)
INFO main com.desmond.datamigrate.util.jdbc.QueryUtil - {minAgeId=12, maxAgeId=16}
DEBUG main com.desmond.datamigrate.ge.mg.impl.dao.MigrateStatusDaoImpl - count= 1
DEBUG main com.desmond.datamigrate.ge.mg.impl.dao.MigrateStatusDaoImpl - count= 1
DEBUG main com.desmond.datamigrate.ge.mg.impl.dao.MigrateStatusDaoImpl - count= 1
DEBUG main com.desmond.datamigrate.ge.mg.impl.dao.MigrateStatusDaoImpl - count= 1
DEBUG main com.desmond.datamigrate.ge.mg.impl.dao.MigrateStatusDaoImpl - count= 1
DEBUG main com.desmond.datamigrate.ge.mg.impl.dao.MigrateStatusDaoImpl - count= 1
DEBUG main com.desmond.datamigrate.ge.mg.impl.dao.MigrateStatusDaoImpl - count= 1
DEBUG main com.desmond.datamigrate.ge.mg.impl.dao.MigrateStatusDaoImpl - count= 1
DEBUG main com.desmond.datamigrate.ge.mg.impl.dao.MigrateStatusDaoImpl - count= 1
DEBUG main com.desmond.datamigrate.ge.mg.impl.dao.MigrateStatusDaoImpl - count= 1
DEBUG main com.desmond.datamigrate.ge.mg.impl.dao.MigrateStatusDaoImpl - count= 1
DEBUG main com.desmond.datamigrate.ge.mg.impl.dao.MigrateStatusDaoImpl - count= 1
DEBUG main com.desmond.datamigrate.ge.mg.impl.dao.MigrateStatusDaoImpl - count= 1
DEBUG main com.desmond.datamigrate.ge.mg.impl.dao.MigrateStatusDaoImpl - count= 1
DEBUG main com.desmond.datamigrate.ge.mg.impl.dao.MigrateStatusDaoImpl - count= 1
DEBUG main com.desmond.datamigrate.ge.mg.impl.dao.MigrateStatusDaoImpl - count= 1
DEBUG main com.desmond.datamigrate.ge.mg.impl.dao.MigrateStatusDaoImpl - count= 1
DEBUG main com.desmond.datamigrate.ge.mg.impl.dao.MigrateStatusDaoImpl - count= 1
DEBUG main com.desmond.datamigrate.ge.mg.impl.dao.MigrateStatusDaoImpl - count= 1
DEBUG main com.desmond.datamigrate.ge.mg.impl.dao.MigrateStatusDaoImpl - count= 1
DEBUG main com.desmond.datamigrate.ge.mg.impl.dao.MigrateStatusDaoImpl - count= 1
